<?xml version="1.0" encoding="UTF-8"?>
<testsuite name="JUnit Jupiter" tests="1" skipped="0" failures="0" errors="0" time="0.202" hostname="gabriel-Swift-SF314-51" timestamp="2024-01-29T23:10:54">
<properties>
[...]
</properties>
<testcase name="fetchAircrafts_success()" classname="com.demo.aviation.services.AircraftServiceTest" time="0.011">
<system-out><![CDATA[
unique-id: [engine:junit-jupiter]/[class:com.demo.aviation.services.AircraftServiceTest]/[method:fetchAircrafts_success()]
display-name: fetchAircrafts_success()
]]></system-out>
</testcase>
<system-out><![CDATA[
unique-id: [engine:junit-jupiter]
display-name: JUnit Jupiter
]]></system-out>
</testsuite>
